<?xml version="1.0" encoding="UTF-8"?>
<testsuite xmlns:xsi="http://www.w3.org/2001/XMLSchema-instance" xsi:noNamespaceSchemaLocation="https://maven.apache.org/surefire/maven-surefire-plugin/xsd/surefire-test-report.xsd" version="3.0.2" name="com.saucedemo.NavigationTest" time="202.112" tests="4" errors="0" skipped="0" failures="0">
  <properties>
[...]
</properties>
  <testcase name="cancelFromInfoPage" classname="com.saucedemo.NavigationTest" time="45.743">
    <system-out><![CDATA[SauceOnDemandSessionID=d1ccdf3b8945423ca133b82351d53563 job-name=cancelFromInfoPage()
Test Job Link: https://app.saucelabs.com/tests/d1ccdf3b8945423ca133b82351d53563
]]></system-out>
  </testcase>
  <testcase name="cancelFromCheckoutPage" classname="com.saucedemo.NavigationTest" time="50.481">
    <system-out><![CDATA[SauceOnDemandSessionID=d8e0aefe474d4d5781cd1fd3f03c8f41 job-name=cancelFromCheckoutPage()
Test Job Link: https://app.saucelabs.com/tests/d8e0aefe474d4d5781cd1fd3f03c8f41
]]></system-out>
  </testcase>
  <testcase name="cancelFromCart" classname="com.saucedemo.NavigationTest" time="75.262">
    <system-out><![CDATA[SauceOnDemandSessionID=f172ec11f74e4992be5ed06e8043b90c job-name=cancelFromCart()
Test Job Link: https://app.saucelabs.com/tests/f172ec11f74e4992be5ed06e8043b90c
]]></system-out>
  </testcase>
  <testcase name="startCheckout" classname="com.saucedemo.NavigationTest" time="30.615">
    <system-out><![CDATA[SauceOnDemandSessionID=a04e92645c8a47d49fba8fe339d1498f job-name=startCheckout()
Test Job Link: https://app.saucelabs.com/tests/a04e92645c8a47d49fba8fe339d1498f
]]></system-out>
  </testcase>
</testsuite>